<?xml version="1.0" encoding="UTF-8" ?>
<testsuite tests="6" failures="0" name="com.sg.superherodao.SuperDaoTest" time="2.063" errors="6" skipped="0">
  <properties>
[...]
</properties>
  <testcase classname="com.sg.superherodao.SuperDaoTest" name="GetAllSupersByOrganization" time="0.412">
    <error message="PreparedStatementCallback; SQL [delete from SuperHero where SuperID = ?]; Cannot delete or update a parent row: a foreign key constraint fails (`SuperHero`.`SuperOrganization`, CONSTRAINT `fk_SuperOrganization_SuperHero` FOREIGN KEY (`SuperID`) REFERENCES `SuperHero` (`SuperID`) ON DELETE NO ACTION ON UPDATE NO ACTION); nested exception is com.mysql.jdbc.exceptions.jdbc4.MySQLIntegrityConstraintViolationException: Cannot delete or update a parent row: a foreign key constraint fails (`SuperHero`.`SuperOrganization`, CONSTRAINT `fk_SuperOrganization_SuperHero` FOREIGN KEY (`SuperID`) REFERENCES `SuperHero` (`SuperID`) ON DELETE NO ACTION ON UPDATE NO ACTION)" type="org.springframework.dao.DataIntegrityViolationException">org.springframework.dao.DataIntegrityViolationException: PreparedStatementCallback; SQL [delete from SuperHero where SuperID = ?]; Cannot delete or update a parent row: a foreign key constraint fails (`SuperHero`.`SuperOrganization`, CONSTRAINT `fk_SuperOrganization_SuperHero` FOREIGN KEY (`SuperID`) REFERENCES `SuperHero` (`SuperID`) ON DELETE NO ACTION ON UPDATE NO ACTION); nested exception is com.mysql.jdbc.exceptions.jdbc4.MySQLIntegrityConstraintViolationException: Cannot delete or update a parent row: a foreign key constraint fails (`SuperHero`.`SuperOrganization`, CONSTRAINT `fk_SuperOrganization_SuperHero` FOREIGN KEY (`SuperID`) REFERENCES `SuperHero` (`SuperID`) ON DELETE NO ACTION ON UPDATE NO ACTION)
	at org.springframework.jdbc.support.SQLErrorCodeSQLExceptionTranslator.doTranslate(SQLErrorCodeSQLExceptionTranslator.java:243)
	at org.springframework.jdbc.support.AbstractFallbackSQLExceptionTranslator.translate(AbstractFallbackSQLExceptionTranslator.java:73)
	at org.springframework.jdbc.core.JdbcTemplate.execute(JdbcTemplate.java:649)
	at org.springframework.jdbc.core.JdbcTemplate.update(JdbcTemplate.java:870)
	at org.springframework.jdbc.core.JdbcTemplate.update(JdbcTemplate.java:931)
	at org.springframework.jdbc.core.JdbcTemplate.update(JdbcTemplate.java:941)
	at com.sg.superherodao.SuperDaoImpl.deleteSuper(SuperDaoImpl.java:48)
	at sun.reflect.NativeMethodAccessorImpl.invoke0(Native Method)
	at sun.reflect.NativeMethodAccessorImpl.invoke(NativeMethodAccessorImpl.java:62)
	at sun.reflect.DelegatingMethodAccessorImpl.invoke(DelegatingMethodAccessorImpl.java:43)
	at java.lang.reflect.Method.invoke(Method.java:498)
	at org.springframework.aop.support.AopUtils.invokeJoinpointUsingReflection(AopUtils.java:333)
	at org.springframework.aop.framework.JdkDynamicAopProxy.invoke(JdkDynamicAopProxy.java:207)
	at com.sun.proxy.$Proxy11.deleteSuper(Unknown Source)
	at com.sg.superherodao.SuperDaoTest.setUp(SuperDaoTest.java:56)
	at sun.reflect.NativeMethodAccessorImpl.invoke0(Native Method)
	at sun.reflect.NativeMethodAccessorImpl.invoke(NativeMethodAccessorImpl.java:62)
	at sun.reflect.DelegatingMethodAccessorImpl.invoke(DelegatingMethodAccessorImpl.java:43)
	at java.lang.reflect.Method.invoke(Method.java:498)
	at org.junit.runners.model.FrameworkMethod$1.runReflectiveCall(FrameworkMethod.java:50)
	at org.junit.internal.runners.model.ReflectiveCallable.run(ReflectiveCallable.java:12)
	at org.junit.runners.model.FrameworkMethod.invokeExplosively(FrameworkMethod.java:47)
	at org.junit.internal.runners.statements.RunBefores.evaluate(RunBefores.java:24)
	at org.junit.runners.ParentRunner.runLeaf(ParentRunner.java:325)
	at org.junit.runners.BlockJUnit4ClassRunner.runChild(BlockJUnit4ClassRunner.java:78)
	at org.junit.runners.BlockJUnit4ClassRunner.runChild(BlockJUnit4ClassRunner.java:57)
	at org.junit.runners.ParentRunner$3.run(ParentRunner.java:290)
	at org.junit.runners.ParentRunner$1.schedule(ParentRunner.java:71)
	at org.junit.runners.ParentRunner.runChildren(ParentRunner.java:288)
	at org.junit.runners.ParentRunner.access$000(ParentRunner.java:58)
	at org.junit.runners.ParentRunner$2.evaluate(ParentRunner.java:268)
	at org.junit.runners.ParentRunner.run(ParentRunner.java:363)
	at org.apache.maven.surefire.junit4.JUnit4Provider.execute(JUnit4Provider.java:252)
	at org.apache.maven.surefire.junit4.JUnit4Provider.executeTestSet(JUnit4Provider.java:141)
	at org.apache.maven.surefire.junit4.JUnit4Provider.invoke(JUnit4Provider.java:112)
	at sun.reflect.NativeMethodAccessorImpl.invoke0(Native Method)
	at sun.reflect.NativeMethodAccessorImpl.invoke(NativeMethodAccessorImpl.java:62)
	at sun.reflect.DelegatingMethodAccessorImpl.invoke(DelegatingMethodAccessorImpl.java:43)
	at java.lang.reflect.Method.invoke(Method.java:498)
	at org.apache.maven.surefire.util.ReflectionUtils.invokeMethodWithArray(ReflectionUtils.java:189)
	at org.apache.maven.surefire.booter.ProviderFactory$ProviderProxy.invoke(ProviderFactory.java:165)
	at org.apache.maven.surefire.booter.ProviderFactory.invokeProvider(ProviderFactory.java:85)
	at org.apache.maven.surefire.booter.ForkedBooter.runSuitesInProcess(ForkedBooter.java:115)
	at org.apache.maven.surefire.booter.ForkedBooter.main(ForkedBooter.java:75)
Caused by: com.mysql.jdbc.exceptions.jdbc4.MySQLIntegrityConstraintViolationException: Cannot delete or update a parent row: a foreign key constraint fails (`SuperHero`.`SuperOrganization`, CONSTRAINT `fk_SuperOrganization_SuperHero` FOREIGN KEY (`SuperID`) REFERENCES `SuperHero` (`SuperID`) ON DELETE NO ACTION ON UPDATE NO ACTION)
	at sun.reflect.NativeConstructorAccessorImpl.newInstance0(Native Method)
	at sun.reflect.NativeConstructorAccessorImpl.newInstance(NativeConstructorAccessorImpl.java:62)
	at sun.reflect.DelegatingConstructorAccessorImpl.newInstance(DelegatingConstructorAccessorImpl.java:45)
	at java.lang.reflect.Constructor.newInstance(Constructor.java:423)
	at com.mysql.jdbc.Util.handleNewInstance(Util.java:400)
	at com.mysql.jdbc.Util.getInstance(Util.java:383)
	at com.mysql.jdbc.SQLError.createSQLException(SQLError.java:973)
	at com.mysql.jdbc.MysqlIO.checkErrorPacket(MysqlIO.java:3847)
	at com.mysql.jdbc.MysqlIO.checkErrorPacket(MysqlIO.java:3783)
	at com.mysql.jdbc.MysqlIO.sendCommand(MysqlIO.java:2447)
	at com.mysql.jdbc.MysqlIO.sqlQueryDirect(MysqlIO.java:2594)
	at com.mysql.jdbc.ConnectionImpl.execSQL(ConnectionImpl.java:2545)
	at com.mysql.jdbc.PreparedStatement.executeInternal(PreparedStatement.java:1901)
	at com.mysql.jdbc.PreparedStatement.executeUpdate(PreparedStatement.java:2113)
	at com.mysql.jdbc.PreparedStatement.executeUpdate(PreparedStatement.java:2049)
	at com.mysql.jdbc.PreparedStatement.executeUpdate(PreparedStatement.java:2034)
	at org.apache.commons.dbcp2.DelegatingPreparedStatement.executeUpdate(DelegatingPreparedStatement.java:98)
	at org.apache.commons.dbcp2.DelegatingPreparedStatement.executeUpdate(DelegatingPreparedStatement.java:98)
	at org.springframework.jdbc.core.JdbcTemplate$2.doInPreparedStatement(JdbcTemplate.java:877)
	at org.springframework.jdbc.core.JdbcTemplate$2.doInPreparedStatement(JdbcTemplate.java:870)
	at org.springframework.jdbc.core.JdbcTemplate.execute(JdbcTemplate.java:633)
	... 41 more
</error>
    <system-err>Jul 13, 2017 4:18:20 PM org.springframework.context.support.ClassPathXmlApplicationContext prepareRefresh
INFO: Refreshing org.springframework.context.support.ClassPathXmlApplicationContext@451001e5: startup date [Thu Jul 13 16:18:20 CDT 2017]; root of context hierarchy
Jul 13, 2017 4:18:20 PM org.springframework.beans.factory.xml.XmlBeanDefinitionReader loadBeanDefinitions
INFO: Loading XML bean definitions from class path resource [test-applicationContext.xml]
Jul 13, 2017 4:18:21 PM org.springframework.beans.factory.annotation.AutowiredAnnotationBeanPostProcessor &lt;init&gt;
INFO: JSR-330 &apos;javax.inject.Inject&apos; annotation found and supported for autowiring
</system-err>
  </testcase>
  <testcase classname="com.sg.superherodao.SuperDaoTest" name="GetAllSupers" time="0.349">
    <error message="PreparedStatementCallback; SQL [delete from SuperHero where SuperID = ?]; Cannot delete or update a parent row: a foreign key constraint fails (`SuperHero`.`SuperOrganization`, CONSTRAINT `fk_SuperOrganization_SuperHero` FOREIGN KEY (`SuperID`) REFERENCES `SuperHero` (`SuperID`) ON DELETE NO ACTION ON UPDATE NO ACTION); nested exception is com.mysql.jdbc.exceptions.jdbc4.MySQLIntegrityConstraintViolationException: Cannot delete or update a parent row: a foreign key constraint fails (`SuperHero`.`SuperOrganization`, CONSTRAINT `fk_SuperOrganization_SuperHero` FOREIGN KEY (`SuperID`) REFERENCES `SuperHero` (`SuperID`) ON DELETE NO ACTION ON UPDATE NO ACTION)" type="org.springframework.dao.DataIntegrityViolationException">org.springframework.dao.DataIntegrityViolationException: PreparedStatementCallback; SQL [delete from SuperHero where SuperID = ?]; Cannot delete or update a parent row: a foreign key constraint fails (`SuperHero`.`SuperOrganization`, CONSTRAINT `fk_SuperOrganization_SuperHero` FOREIGN KEY (`SuperID`) REFERENCES `SuperHero` (`SuperID`) ON DELETE NO ACTION ON UPDATE NO ACTION); nested exception is com.mysql.jdbc.exceptions.jdbc4.MySQLIntegrityConstraintViolationException: Cannot delete or update a parent row: a foreign key constraint fails (`SuperHero`.`SuperOrganization`, CONSTRAINT `fk_SuperOrganization_SuperHero` FOREIGN KEY (`SuperID`) REFERENCES `SuperHero` (`SuperID`) ON DELETE NO ACTION ON UPDATE NO ACTION)
	at org.springframework.jdbc.support.SQLErrorCodeSQLExceptionTranslator.doTranslate(SQLErrorCodeSQLExceptionTranslator.java:243)
	at org.springframework.jdbc.support.AbstractFallbackSQLExceptionTranslator.translate(AbstractFallbackSQLExceptionTranslator.java:73)
	at org.springframework.jdbc.core.JdbcTemplate.execute(JdbcTemplate.java:649)
	at org.springframework.jdbc.core.JdbcTemplate.update(JdbcTemplate.java:870)
	at org.springframework.jdbc.core.JdbcTemplate.update(JdbcTemplate.java:931)
	at org.springframework.jdbc.core.JdbcTemplate.update(JdbcTemplate.java:941)
	at com.sg.superherodao.SuperDaoImpl.deleteSuper(SuperDaoImpl.java:48)
	at sun.reflect.NativeMethodAccessorImpl.invoke0(Native Method)
	at sun.reflect.NativeMethodAccessorImpl.invoke(NativeMethodAccessorImpl.java:62)
	at sun.reflect.DelegatingMethodAccessorImpl.invoke(DelegatingMethodAccessorImpl.java:43)
	at java.lang.reflect.Method.invoke(Method.java:498)
	at org.springframework.aop.support.AopUtils.invokeJoinpointUsingReflection(AopUtils.java:333)
	at org.springframework.aop.framework.JdkDynamicAopProxy.invoke(JdkDynamicAopProxy.java:207)
	at com.sun.proxy.$Proxy11.deleteSuper(Unknown Source)
	at com.sg.superherodao.SuperDaoTest.setUp(SuperDaoTest.java:56)
	at sun.reflect.NativeMethodAccessorImpl.invoke0(Native Method)
	at sun.reflect.NativeMethodAccessorImpl.invoke(NativeMethodAccessorImpl.java:62)
	at sun.reflect.DelegatingMethodAccessorImpl.invoke(DelegatingMethodAccessorImpl.java:43)
	at java.lang.reflect.Method.invoke(Method.java:498)
	at org.junit.runners.model.FrameworkMethod$1.runReflectiveCall(FrameworkMethod.java:50)
	at org.junit.internal.runners.model.ReflectiveCallable.run(ReflectiveCallable.java:12)
	at org.junit.runners.model.FrameworkMethod.invokeExplosively(FrameworkMethod.java:47)
	at org.junit.internal.runners.statements.RunBefores.evaluate(RunBefores.java:24)
	at org.junit.runners.ParentRunner.runLeaf(ParentRunner.java:325)
	at org.junit.runners.BlockJUnit4ClassRunner.runChild(BlockJUnit4ClassRunner.java:78)
	at org.junit.runners.BlockJUnit4ClassRunner.runChild(BlockJUnit4ClassRunner.java:57)
	at org.junit.runners.ParentRunner$3.run(ParentRunner.java:290)
	at org.junit.runners.ParentRunner$1.schedule(ParentRunner.java:71)
	at org.junit.runners.ParentRunner.runChildren(ParentRunner.java:288)
	at org.junit.runners.ParentRunner.access$000(ParentRunner.java:58)
	at org.junit.runners.ParentRunner$2.evaluate(ParentRunner.java:268)
	at org.junit.runners.ParentRunner.run(ParentRunner.java:363)
	at org.apache.maven.surefire.junit4.JUnit4Provider.execute(JUnit4Provider.java:252)
	at org.apache.maven.surefire.junit4.JUnit4Provider.executeTestSet(JUnit4Provider.java:141)
	at org.apache.maven.surefire.junit4.JUnit4Provider.invoke(JUnit4Provider.java:112)
	at sun.reflect.NativeMethodAccessorImpl.invoke0(Native Method)
	at sun.reflect.NativeMethodAccessorImpl.invoke(NativeMethodAccessorImpl.java:62)
	at sun.reflect.DelegatingMethodAccessorImpl.invoke(DelegatingMethodAccessorImpl.java:43)
	at java.lang.reflect.Method.invoke(Method.java:498)
	at org.apache.maven.surefire.util.ReflectionUtils.invokeMethodWithArray(ReflectionUtils.java:189)
	at org.apache.maven.surefire.booter.ProviderFactory$ProviderProxy.invoke(ProviderFactory.java:165)
	at org.apache.maven.surefire.booter.ProviderFactory.invokeProvider(ProviderFactory.java:85)
	at org.apache.maven.surefire.booter.ForkedBooter.runSuitesInProcess(ForkedBooter.java:115)
	at org.apache.maven.surefire.booter.ForkedBooter.main(ForkedBooter.java:75)
Caused by: com.mysql.jdbc.exceptions.jdbc4.MySQLIntegrityConstraintViolationException: Cannot delete or update a parent row: a foreign key constraint fails (`SuperHero`.`SuperOrganization`, CONSTRAINT `fk_SuperOrganization_SuperHero` FOREIGN KEY (`SuperID`) REFERENCES `SuperHero` (`SuperID`) ON DELETE NO ACTION ON UPDATE NO ACTION)
	at sun.reflect.NativeConstructorAccessorImpl.newInstance0(Native Method)
	at sun.reflect.NativeConstructorAccessorImpl.newInstance(NativeConstructorAccessorImpl.java:62)
	at sun.reflect.DelegatingConstructorAccessorImpl.newInstance(DelegatingConstructorAccessorImpl.java:45)
	at java.lang.reflect.Constructor.newInstance(Constructor.java:423)
	at com.mysql.jdbc.Util.handleNewInstance(Util.java:400)
	at com.mysql.jdbc.Util.getInstance(Util.java:383)
	at com.mysql.jdbc.SQLError.createSQLException(SQLError.java:973)
	at com.mysql.jdbc.MysqlIO.checkErrorPacket(MysqlIO.java:3847)
	at com.mysql.jdbc.MysqlIO.checkErrorPacket(MysqlIO.java:3783)
	at com.mysql.jdbc.MysqlIO.sendCommand(MysqlIO.java:2447)
	at com.mysql.jdbc.MysqlIO.sqlQueryDirect(MysqlIO.java:2594)
	at com.mysql.jdbc.ConnectionImpl.execSQL(ConnectionImpl.java:2545)
	at com.mysql.jdbc.PreparedStatement.executeInternal(PreparedStatement.java:1901)
	at com.mysql.jdbc.PreparedStatement.executeUpdate(PreparedStatement.java:2113)
	at com.mysql.jdbc.PreparedStatement.executeUpdate(PreparedStatement.java:2049)
	at com.mysql.jdbc.PreparedStatement.executeUpdate(PreparedStatement.java:2034)
	at org.apache.commons.dbcp2.DelegatingPreparedStatement.executeUpdate(DelegatingPreparedStatement.java:98)
	at org.apache.commons.dbcp2.DelegatingPreparedStatement.executeUpdate(DelegatingPreparedStatement.java:98)
	at org.springframework.jdbc.core.JdbcTemplate$2.doInPreparedStatement(JdbcTemplate.java:877)
	at org.springframework.jdbc.core.JdbcTemplate$2.doInPreparedStatement(JdbcTemplate.java:870)
	at org.springframework.jdbc.core.JdbcTemplate.execute(JdbcTemplate.java:633)
	... 41 more
</error>
    <system-err>Jul 13, 2017 4:18:21 PM org.springframework.context.support.ClassPathXmlApplicationContext prepareRefresh
INFO: Refreshing org.springframework.context.support.ClassPathXmlApplicationContext@5884a914: startup date [Thu Jul 13 16:18:21 CDT 2017]; root of context hierarchy
Jul 13, 2017 4:18:21 PM org.springframework.beans.factory.xml.XmlBeanDefinitionReader loadBeanDefinitions
INFO: Loading XML bean definitions from class path resource [test-applicationContext.xml]
Jul 13, 2017 4:18:21 PM org.springframework.beans.factory.annotation.AutowiredAnnotationBeanPostProcessor &lt;init&gt;
INFO: JSR-330 &apos;javax.inject.Inject&apos; annotation found and supported for autowiring
</system-err>
  </testcase>
  <testcase classname="com.sg.superherodao.SuperDaoTest" name="GetSuperByID" time="0.342">
    <error message="PreparedStatementCallback; SQL [delete from SuperHero where SuperID = ?]; Cannot delete or update a parent row: a foreign key constraint fails (`SuperHero`.`SuperOrganization`, CONSTRAINT `fk_SuperOrganization_SuperHero` FOREIGN KEY (`SuperID`) REFERENCES `SuperHero` (`SuperID`) ON DELETE NO ACTION ON UPDATE NO ACTION); nested exception is com.mysql.jdbc.exceptions.jdbc4.MySQLIntegrityConstraintViolationException: Cannot delete or update a parent row: a foreign key constraint fails (`SuperHero`.`SuperOrganization`, CONSTRAINT `fk_SuperOrganization_SuperHero` FOREIGN KEY (`SuperID`) REFERENCES `SuperHero` (`SuperID`) ON DELETE NO ACTION ON UPDATE NO ACTION)" type="org.springframework.dao.DataIntegrityViolationException">org.springframework.dao.DataIntegrityViolationException: PreparedStatementCallback; SQL [delete from SuperHero where SuperID = ?]; Cannot delete or update a parent row: a foreign key constraint fails (`SuperHero`.`SuperOrganization`, CONSTRAINT `fk_SuperOrganization_SuperHero` FOREIGN KEY (`SuperID`) REFERENCES `SuperHero` (`SuperID`) ON DELETE NO ACTION ON UPDATE NO ACTION); nested exception is com.mysql.jdbc.exceptions.jdbc4.MySQLIntegrityConstraintViolationException: Cannot delete or update a parent row: a foreign key constraint fails (`SuperHero`.`SuperOrganization`, CONSTRAINT `fk_SuperOrganization_SuperHero` FOREIGN KEY (`SuperID`) REFERENCES `SuperHero` (`SuperID`) ON DELETE NO ACTION ON UPDATE NO ACTION)
	at org.springframework.jdbc.support.SQLErrorCodeSQLExceptionTranslator.doTranslate(SQLErrorCodeSQLExceptionTranslator.java:243)
	at org.springframework.jdbc.support.AbstractFallbackSQLExceptionTranslator.translate(AbstractFallbackSQLExceptionTranslator.java:73)
	at org.springframework.jdbc.core.JdbcTemplate.execute(JdbcTemplate.java:649)
	at org.springframework.jdbc.core.JdbcTemplate.update(JdbcTemplate.java:870)
	at org.springframework.jdbc.core.JdbcTemplate.update(JdbcTemplate.java:931)
	at org.springframework.jdbc.core.JdbcTemplate.update(JdbcTemplate.java:941)
	at com.sg.superherodao.SuperDaoImpl.deleteSuper(SuperDaoImpl.java:48)
	at sun.reflect.NativeMethodAccessorImpl.invoke0(Native Method)
	at sun.reflect.NativeMethodAccessorImpl.invoke(NativeMethodAccessorImpl.java:62)
	at sun.reflect.DelegatingMethodAccessorImpl.invoke(DelegatingMethodAccessorImpl.java:43)
	at java.lang.reflect.Method.invoke(Method.java:498)
	at org.springframework.aop.support.AopUtils.invokeJoinpointUsingReflection(AopUtils.java:333)
	at org.springframework.aop.framework.JdkDynamicAopProxy.invoke(JdkDynamicAopProxy.java:207)
	at com.sun.proxy.$Proxy11.deleteSuper(Unknown Source)
	at com.sg.superherodao.SuperDaoTest.setUp(SuperDaoTest.java:56)
	at sun.reflect.NativeMethodAccessorImpl.invoke0(Native Method)
	at sun.reflect.NativeMethodAccessorImpl.invoke(NativeMethodAccessorImpl.java:62)
	at sun.reflect.DelegatingMethodAccessorImpl.invoke(DelegatingMethodAccessorImpl.java:43)
	at java.lang.reflect.Method.invoke(Method.java:498)
	at org.junit.runners.model.FrameworkMethod$1.runReflectiveCall(FrameworkMethod.java:50)
	at org.junit.internal.runners.model.ReflectiveCallable.run(ReflectiveCallable.java:12)
	at org.junit.runners.model.FrameworkMethod.invokeExplosively(FrameworkMethod.java:47)
	at org.junit.internal.runners.statements.RunBefores.evaluate(RunBefores.java:24)
	at org.junit.runners.ParentRunner.runLeaf(ParentRunner.java:325)
	at org.junit.runners.BlockJUnit4ClassRunner.runChild(BlockJUnit4ClassRunner.java:78)
	at org.junit.runners.BlockJUnit4ClassRunner.runChild(BlockJUnit4ClassRunner.java:57)
	at org.junit.runners.ParentRunner$3.run(ParentRunner.java:290)
	at org.junit.runners.ParentRunner$1.schedule(ParentRunner.java:71)
	at org.junit.runners.ParentRunner.runChildren(ParentRunner.java:288)
	at org.junit.runners.ParentRunner.access$000(ParentRunner.java:58)
	at org.junit.runners.ParentRunner$2.evaluate(ParentRunner.java:268)
	at org.junit.runners.ParentRunner.run(ParentRunner.java:363)
	at org.apache.maven.surefire.junit4.JUnit4Provider.execute(JUnit4Provider.java:252)
	at org.apache.maven.surefire.junit4.JUnit4Provider.executeTestSet(JUnit4Provider.java:141)
	at org.apache.maven.surefire.junit4.JUnit4Provider.invoke(JUnit4Provider.java:112)
	at sun.reflect.NativeMethodAccessorImpl.invoke0(Native Method)
	at sun.reflect.NativeMethodAccessorImpl.invoke(NativeMethodAccessorImpl.java:62)
	at sun.reflect.DelegatingMethodAccessorImpl.invoke(DelegatingMethodAccessorImpl.java:43)
	at java.lang.reflect.Method.invoke(Method.java:498)
	at org.apache.maven.surefire.util.ReflectionUtils.invokeMethodWithArray(ReflectionUtils.java:189)
	at org.apache.maven.surefire.booter.ProviderFactory$ProviderProxy.invoke(ProviderFactory.java:165)
	at org.apache.maven.surefire.booter.ProviderFactory.invokeProvider(ProviderFactory.java:85)
	at org.apache.maven.surefire.booter.ForkedBooter.runSuitesInProcess(ForkedBooter.java:115)
	at org.apache.maven.surefire.booter.ForkedBooter.main(ForkedBooter.java:75)
Caused by: com.mysql.jdbc.exceptions.jdbc4.MySQLIntegrityConstraintViolationException: Cannot delete or update a parent row: a foreign key constraint fails (`SuperHero`.`SuperOrganization`, CONSTRAINT `fk_SuperOrganization_SuperHero` FOREIGN KEY (`SuperID`) REFERENCES `SuperHero` (`SuperID`) ON DELETE NO ACTION ON UPDATE NO ACTION)
	at sun.reflect.NativeConstructorAccessorImpl.newInstance0(Native Method)
	at sun.reflect.NativeConstructorAccessorImpl.newInstance(NativeConstructorAccessorImpl.java:62)
	at sun.reflect.DelegatingConstructorAccessorImpl.newInstance(DelegatingConstructorAccessorImpl.java:45)
	at java.lang.reflect.Constructor.newInstance(Constructor.java:423)
	at com.mysql.jdbc.Util.handleNewInstance(Util.java:400)
	at com.mysql.jdbc.Util.getInstance(Util.java:383)
	at com.mysql.jdbc.SQLError.createSQLException(SQLError.java:973)
	at com.mysql.jdbc.MysqlIO.checkErrorPacket(MysqlIO.java:3847)
	at com.mysql.jdbc.MysqlIO.checkErrorPacket(MysqlIO.java:3783)
	at com.mysql.jdbc.MysqlIO.sendCommand(MysqlIO.java:2447)
	at com.mysql.jdbc.MysqlIO.sqlQueryDirect(MysqlIO.java:2594)
	at com.mysql.jdbc.ConnectionImpl.execSQL(ConnectionImpl.java:2545)
	at com.mysql.jdbc.PreparedStatement.executeInternal(PreparedStatement.java:1901)
	at com.mysql.jdbc.PreparedStatement.executeUpdate(PreparedStatement.java:2113)
	at com.mysql.jdbc.PreparedStatement.executeUpdate(PreparedStatement.java:2049)
	at com.mysql.jdbc.PreparedStatement.executeUpdate(PreparedStatement.java:2034)
	at org.apache.commons.dbcp2.DelegatingPreparedStatement.executeUpdate(DelegatingPreparedStatement.java:98)
	at org.apache.commons.dbcp2.DelegatingPreparedStatement.executeUpdate(DelegatingPreparedStatement.java:98)
	at org.springframework.jdbc.core.JdbcTemplate$2.doInPreparedStatement(JdbcTemplate.java:877)
	at org.springframework.jdbc.core.JdbcTemplate$2.doInPreparedStatement(JdbcTemplate.java:870)
	at org.springframework.jdbc.core.JdbcTemplate.execute(JdbcTemplate.java:633)
	... 41 more
</error>
    <system-err>Jul 13, 2017 4:18:21 PM org.springframework.context.support.ClassPathXmlApplicationContext prepareRefresh
INFO: Refreshing org.springframework.context.support.ClassPathXmlApplicationContext@36804139: startup date [Thu Jul 13 16:18:21 CDT 2017]; root of context hierarchy
Jul 13, 2017 4:18:21 PM org.springframework.beans.factory.xml.XmlBeanDefinitionReader loadBeanDefinitions
INFO: Loading XML bean definitions from class path resource [test-applicationContext.xml]
Jul 13, 2017 4:18:21 PM org.springframework.beans.factory.annotation.AutowiredAnnotationBeanPostProcessor &lt;init&gt;
INFO: JSR-330 &apos;javax.inject.Inject&apos; annotation found and supported for autowiring
</system-err>
  </testcase>
  <testcase classname="com.sg.superherodao.SuperDaoTest" name="DeleteSuper" time="0.303">
    <error message="PreparedStatementCallback; SQL [delete from SuperHero where SuperID = ?]; Cannot delete or update a parent row: a foreign key constraint fails (`SuperHero`.`SuperOrganization`, CONSTRAINT `fk_SuperOrganization_SuperHero` FOREIGN KEY (`SuperID`) REFERENCES `SuperHero` (`SuperID`) ON DELETE NO ACTION ON UPDATE NO ACTION); nested exception is com.mysql.jdbc.exceptions.jdbc4.MySQLIntegrityConstraintViolationException: Cannot delete or update a parent row: a foreign key constraint fails (`SuperHero`.`SuperOrganization`, CONSTRAINT `fk_SuperOrganization_SuperHero` FOREIGN KEY (`SuperID`) REFERENCES `SuperHero` (`SuperID`) ON DELETE NO ACTION ON UPDATE NO ACTION)" type="org.springframework.dao.DataIntegrityViolationException">org.springframework.dao.DataIntegrityViolationException: PreparedStatementCallback; SQL [delete from SuperHero where SuperID = ?]; Cannot delete or update a parent row: a foreign key constraint fails (`SuperHero`.`SuperOrganization`, CONSTRAINT `fk_SuperOrganization_SuperHero` FOREIGN KEY (`SuperID`) REFERENCES `SuperHero` (`SuperID`) ON DELETE NO ACTION ON UPDATE NO ACTION); nested exception is com.mysql.jdbc.exceptions.jdbc4.MySQLIntegrityConstraintViolationException: Cannot delete or update a parent row: a foreign key constraint fails (`SuperHero`.`SuperOrganization`, CONSTRAINT `fk_SuperOrganization_SuperHero` FOREIGN KEY (`SuperID`) REFERENCES `SuperHero` (`SuperID`) ON DELETE NO ACTION ON UPDATE NO ACTION)
	at org.springframework.jdbc.support.SQLErrorCodeSQLExceptionTranslator.doTranslate(SQLErrorCodeSQLExceptionTranslator.java:243)
	at org.springframework.jdbc.support.AbstractFallbackSQLExceptionTranslator.translate(AbstractFallbackSQLExceptionTranslator.java:73)
	at org.springframework.jdbc.core.JdbcTemplate.execute(JdbcTemplate.java:649)
	at org.springframework.jdbc.core.JdbcTemplate.update(JdbcTemplate.java:870)
	at org.springframework.jdbc.core.JdbcTemplate.update(JdbcTemplate.java:931)
	at org.springframework.jdbc.core.JdbcTemplate.update(JdbcTemplate.java:941)
	at com.sg.superherodao.SuperDaoImpl.deleteSuper(SuperDaoImpl.java:48)
	at sun.reflect.NativeMethodAccessorImpl.invoke0(Native Method)
	at sun.reflect.NativeMethodAccessorImpl.invoke(NativeMethodAccessorImpl.java:62)
	at sun.reflect.DelegatingMethodAccessorImpl.invoke(DelegatingMethodAccessorImpl.java:43)
	at java.lang.reflect.Method.invoke(Method.java:498)
	at org.springframework.aop.support.AopUtils.invokeJoinpointUsingReflection(AopUtils.java:333)
	at org.springframework.aop.framework.JdkDynamicAopProxy.invoke(JdkDynamicAopProxy.java:207)
	at com.sun.proxy.$Proxy11.deleteSuper(Unknown Source)
	at com.sg.superherodao.SuperDaoTest.setUp(SuperDaoTest.java:56)
	at sun.reflect.NativeMethodAccessorImpl.invoke0(Native Method)
	at sun.reflect.NativeMethodAccessorImpl.invoke(NativeMethodAccessorImpl.java:62)
	at sun.reflect.DelegatingMethodAccessorImpl.invoke(DelegatingMethodAccessorImpl.java:43)
	at java.lang.reflect.Method.invoke(Method.java:498)
	at org.junit.runners.model.FrameworkMethod$1.runReflectiveCall(FrameworkMethod.java:50)
	at org.junit.internal.runners.model.ReflectiveCallable.run(ReflectiveCallable.java:12)
	at org.junit.runners.model.FrameworkMethod.invokeExplosively(FrameworkMethod.java:47)
	at org.junit.internal.runners.statements.RunBefores.evaluate(RunBefores.java:24)
	at org.junit.runners.ParentRunner.runLeaf(ParentRunner.java:325)
	at org.junit.runners.BlockJUnit4ClassRunner.runChild(BlockJUnit4ClassRunner.java:78)
	at org.junit.runners.BlockJUnit4ClassRunner.runChild(BlockJUnit4ClassRunner.java:57)
	at org.junit.runners.ParentRunner$3.run(ParentRunner.java:290)
	at org.junit.runners.ParentRunner$1.schedule(ParentRunner.java:71)
	at org.junit.runners.ParentRunner.runChildren(ParentRunner.java:288)
	at org.junit.runners.ParentRunner.access$000(ParentRunner.java:58)
	at org.junit.runners.ParentRunner$2.evaluate(ParentRunner.java:268)
	at org.junit.runners.ParentRunner.run(ParentRunner.java:363)
	at org.apache.maven.surefire.junit4.JUnit4Provider.execute(JUnit4Provider.java:252)
	at org.apache.maven.surefire.junit4.JUnit4Provider.executeTestSet(JUnit4Provider.java:141)
	at org.apache.maven.surefire.junit4.JUnit4Provider.invoke(JUnit4Provider.java:112)
	at sun.reflect.NativeMethodAccessorImpl.invoke0(Native Method)
	at sun.reflect.NativeMethodAccessorImpl.invoke(NativeMethodAccessorImpl.java:62)
	at sun.reflect.DelegatingMethodAccessorImpl.invoke(DelegatingMethodAccessorImpl.java:43)
	at java.lang.reflect.Method.invoke(Method.java:498)
	at org.apache.maven.surefire.util.ReflectionUtils.invokeMethodWithArray(ReflectionUtils.java:189)
	at org.apache.maven.surefire.booter.ProviderFactory$ProviderProxy.invoke(ProviderFactory.java:165)
	at org.apache.maven.surefire.booter.ProviderFactory.invokeProvider(ProviderFactory.java:85)
	at org.apache.maven.surefire.booter.ForkedBooter.runSuitesInProcess(ForkedBooter.java:115)
	at org.apache.maven.surefire.booter.ForkedBooter.main(ForkedBooter.java:75)
Caused by: com.mysql.jdbc.exceptions.jdbc4.MySQLIntegrityConstraintViolationException: Cannot delete or update a parent row: a foreign key constraint fails (`SuperHero`.`SuperOrganization`, CONSTRAINT `fk_SuperOrganization_SuperHero` FOREIGN KEY (`SuperID`) REFERENCES `SuperHero` (`SuperID`) ON DELETE NO ACTION ON UPDATE NO ACTION)
	at sun.reflect.NativeConstructorAccessorImpl.newInstance0(Native Method)
	at sun.reflect.NativeConstructorAccessorImpl.newInstance(NativeConstructorAccessorImpl.java:62)
	at sun.reflect.DelegatingConstructorAccessorImpl.newInstance(DelegatingConstructorAccessorImpl.java:45)
	at java.lang.reflect.Constructor.newInstance(Constructor.java:423)
	at com.mysql.jdbc.Util.handleNewInstance(Util.java:400)
	at com.mysql.jdbc.Util.getInstance(Util.java:383)
	at com.mysql.jdbc.SQLError.createSQLException(SQLError.java:973)
	at com.mysql.jdbc.MysqlIO.checkErrorPacket(MysqlIO.java:3847)
	at com.mysql.jdbc.MysqlIO.checkErrorPacket(MysqlIO.java:3783)
	at com.mysql.jdbc.MysqlIO.sendCommand(MysqlIO.java:2447)
	at com.mysql.jdbc.MysqlIO.sqlQueryDirect(MysqlIO.java:2594)
	at com.mysql.jdbc.ConnectionImpl.execSQL(ConnectionImpl.java:2545)
	at com.mysql.jdbc.PreparedStatement.executeInternal(PreparedStatement.java:1901)
	at com.mysql.jdbc.PreparedStatement.executeUpdate(PreparedStatement.java:2113)
	at com.mysql.jdbc.PreparedStatement.executeUpdate(PreparedStatement.java:2049)
	at com.mysql.jdbc.PreparedStatement.executeUpdate(PreparedStatement.java:2034)
	at org.apache.commons.dbcp2.DelegatingPreparedStatement.executeUpdate(DelegatingPreparedStatement.java:98)
	at org.apache.commons.dbcp2.DelegatingPreparedStatement.executeUpdate(DelegatingPreparedStatement.java:98)
	at org.springframework.jdbc.core.JdbcTemplate$2.doInPreparedStatement(JdbcTemplate.java:877)
	at org.springframework.jdbc.core.JdbcTemplate$2.doInPreparedStatement(JdbcTemplate.java:870)
	at org.springframework.jdbc.core.JdbcTemplate.execute(JdbcTemplate.java:633)
	... 41 more
</error>
    <system-err>Jul 13, 2017 4:18:22 PM org.springframework.context.support.ClassPathXmlApplicationContext prepareRefresh
INFO: Refreshing org.springframework.context.support.ClassPathXmlApplicationContext@19976a65: startup date [Thu Jul 13 16:18:22 CDT 2017]; root of context hierarchy
Jul 13, 2017 4:18:22 PM org.springframework.beans.factory.xml.XmlBeanDefinitionReader loadBeanDefinitions
INFO: Loading XML bean definitions from class path resource [test-applicationContext.xml]
Jul 13, 2017 4:18:22 PM org.springframework.beans.factory.annotation.AutowiredAnnotationBeanPostProcessor &lt;init&gt;
INFO: JSR-330 &apos;javax.inject.Inject&apos; annotation found and supported for autowiring
</system-err>
  </testcase>
  <testcase classname="com.sg.superherodao.SuperDaoTest" name="addGetSuper" time="0.362">
    <error message="PreparedStatementCallback; SQL [delete from SuperHero where SuperID = ?]; Cannot delete or update a parent row: a foreign key constraint fails (`SuperHero`.`SuperOrganization`, CONSTRAINT `fk_SuperOrganization_SuperHero` FOREIGN KEY (`SuperID`) REFERENCES `SuperHero` (`SuperID`) ON DELETE NO ACTION ON UPDATE NO ACTION); nested exception is com.mysql.jdbc.exceptions.jdbc4.MySQLIntegrityConstraintViolationException: Cannot delete or update a parent row: a foreign key constraint fails (`SuperHero`.`SuperOrganization`, CONSTRAINT `fk_SuperOrganization_SuperHero` FOREIGN KEY (`SuperID`) REFERENCES `SuperHero` (`SuperID`) ON DELETE NO ACTION ON UPDATE NO ACTION)" type="org.springframework.dao.DataIntegrityViolationException">org.springframework.dao.DataIntegrityViolationException: PreparedStatementCallback; SQL [delete from SuperHero where SuperID = ?]; Cannot delete or update a parent row: a foreign key constraint fails (`SuperHero`.`SuperOrganization`, CONSTRAINT `fk_SuperOrganization_SuperHero` FOREIGN KEY (`SuperID`) REFERENCES `SuperHero` (`SuperID`) ON DELETE NO ACTION ON UPDATE NO ACTION); nested exception is com.mysql.jdbc.exceptions.jdbc4.MySQLIntegrityConstraintViolationException: Cannot delete or update a parent row: a foreign key constraint fails (`SuperHero`.`SuperOrganization`, CONSTRAINT `fk_SuperOrganization_SuperHero` FOREIGN KEY (`SuperID`) REFERENCES `SuperHero` (`SuperID`) ON DELETE NO ACTION ON UPDATE NO ACTION)
	at org.springframework.jdbc.support.SQLErrorCodeSQLExceptionTranslator.doTranslate(SQLErrorCodeSQLExceptionTranslator.java:243)
	at org.springframework.jdbc.support.AbstractFallbackSQLExceptionTranslator.translate(AbstractFallbackSQLExceptionTranslator.java:73)
	at org.springframework.jdbc.core.JdbcTemplate.execute(JdbcTemplate.java:649)
	at org.springframework.jdbc.core.JdbcTemplate.update(JdbcTemplate.java:870)
	at org.springframework.jdbc.core.JdbcTemplate.update(JdbcTemplate.java:931)
	at org.springframework.jdbc.core.JdbcTemplate.update(JdbcTemplate.java:941)
	at com.sg.superherodao.SuperDaoImpl.deleteSuper(SuperDaoImpl.java:48)
	at sun.reflect.NativeMethodAccessorImpl.invoke0(Native Method)
	at sun.reflect.NativeMethodAccessorImpl.invoke(NativeMethodAccessorImpl.java:62)
	at sun.reflect.DelegatingMethodAccessorImpl.invoke(DelegatingMethodAccessorImpl.java:43)
	at java.lang.reflect.Method.invoke(Method.java:498)
	at org.springframework.aop.support.AopUtils.invokeJoinpointUsingReflection(AopUtils.java:333)
	at org.springframework.aop.framework.JdkDynamicAopProxy.invoke(JdkDynamicAopProxy.java:207)
	at com.sun.proxy.$Proxy11.deleteSuper(Unknown Source)
	at com.sg.superherodao.SuperDaoTest.setUp(SuperDaoTest.java:56)
	at sun.reflect.NativeMethodAccessorImpl.invoke0(Native Method)
	at sun.reflect.NativeMethodAccessorImpl.invoke(NativeMethodAccessorImpl.java:62)
	at sun.reflect.DelegatingMethodAccessorImpl.invoke(DelegatingMethodAccessorImpl.java:43)
	at java.lang.reflect.Method.invoke(Method.java:498)
	at org.junit.runners.model.FrameworkMethod$1.runReflectiveCall(FrameworkMethod.java:50)
	at org.junit.internal.runners.model.ReflectiveCallable.run(ReflectiveCallable.java:12)
	at org.junit.runners.model.FrameworkMethod.invokeExplosively(FrameworkMethod.java:47)
	at org.junit.internal.runners.statements.RunBefores.evaluate(RunBefores.java:24)
	at org.junit.runners.ParentRunner.runLeaf(ParentRunner.java:325)
	at org.junit.runners.BlockJUnit4ClassRunner.runChild(BlockJUnit4ClassRunner.java:78)
	at org.junit.runners.BlockJUnit4ClassRunner.runChild(BlockJUnit4ClassRunner.java:57)
	at org.junit.runners.ParentRunner$3.run(ParentRunner.java:290)
	at org.junit.runners.ParentRunner$1.schedule(ParentRunner.java:71)
	at org.junit.runners.ParentRunner.runChildren(ParentRunner.java:288)
	at org.junit.runners.ParentRunner.access$000(ParentRunner.java:58)
	at org.junit.runners.ParentRunner$2.evaluate(ParentRunner.java:268)
	at org.junit.runners.ParentRunner.run(ParentRunner.java:363)
	at org.apache.maven.surefire.junit4.JUnit4Provider.execute(JUnit4Provider.java:252)
	at org.apache.maven.surefire.junit4.JUnit4Provider.executeTestSet(JUnit4Provider.java:141)
	at org.apache.maven.surefire.junit4.JUnit4Provider.invoke(JUnit4Provider.java:112)
	at sun.reflect.NativeMethodAccessorImpl.invoke0(Native Method)
	at sun.reflect.NativeMethodAccessorImpl.invoke(NativeMethodAccessorImpl.java:62)
	at sun.reflect.DelegatingMethodAccessorImpl.invoke(DelegatingMethodAccessorImpl.java:43)
	at java.lang.reflect.Method.invoke(Method.java:498)
	at org.apache.maven.surefire.util.ReflectionUtils.invokeMethodWithArray(ReflectionUtils.java:189)
	at org.apache.maven.surefire.booter.ProviderFactory$ProviderProxy.invoke(ProviderFactory.java:165)
	at org.apache.maven.surefire.booter.ProviderFactory.invokeProvider(ProviderFactory.java:85)
	at org.apache.maven.surefire.booter.ForkedBooter.runSuitesInProcess(ForkedBooter.java:115)
	at org.apache.maven.surefire.booter.ForkedBooter.main(ForkedBooter.java:75)
Caused by: com.mysql.jdbc.exceptions.jdbc4.MySQLIntegrityConstraintViolationException: Cannot delete or update a parent row: a foreign key constraint fails (`SuperHero`.`SuperOrganization`, CONSTRAINT `fk_SuperOrganization_SuperHero` FOREIGN KEY (`SuperID`) REFERENCES `SuperHero` (`SuperID`) ON DELETE NO ACTION ON UPDATE NO ACTION)
	at sun.reflect.NativeConstructorAccessorImpl.newInstance0(Native Method)
	at sun.reflect.NativeConstructorAccessorImpl.newInstance(NativeConstructorAccessorImpl.java:62)
	at sun.reflect.DelegatingConstructorAccessorImpl.newInstance(DelegatingConstructorAccessorImpl.java:45)
	at java.lang.reflect.Constructor.newInstance(Constructor.java:423)
	at com.mysql.jdbc.Util.handleNewInstance(Util.java:400)
	at com.mysql.jdbc.Util.getInstance(Util.java:383)
	at com.mysql.jdbc.SQLError.createSQLException(SQLError.java:973)
	at com.mysql.jdbc.MysqlIO.checkErrorPacket(MysqlIO.java:3847)
	at com.mysql.jdbc.MysqlIO.checkErrorPacket(MysqlIO.java:3783)
	at com.mysql.jdbc.MysqlIO.sendCommand(MysqlIO.java:2447)
	at com.mysql.jdbc.MysqlIO.sqlQueryDirect(MysqlIO.java:2594)
	at com.mysql.jdbc.ConnectionImpl.execSQL(ConnectionImpl.java:2545)
	at com.mysql.jdbc.PreparedStatement.executeInternal(PreparedStatement.java:1901)
	at com.mysql.jdbc.PreparedStatement.executeUpdate(PreparedStatement.java:2113)
	at com.mysql.jdbc.PreparedStatement.executeUpdate(PreparedStatement.java:2049)
	at com.mysql.jdbc.PreparedStatement.executeUpdate(PreparedStatement.java:2034)
	at org.apache.commons.dbcp2.DelegatingPreparedStatement.executeUpdate(DelegatingPreparedStatement.java:98)
	at org.apache.commons.dbcp2.DelegatingPreparedStatement.executeUpdate(DelegatingPreparedStatement.java:98)
	at org.springframework.jdbc.core.JdbcTemplate$2.doInPreparedStatement(JdbcTemplate.java:877)
	at org.springframework.jdbc.core.JdbcTemplate$2.doInPreparedStatement(JdbcTemplate.java:870)
	at org.springframework.jdbc.core.JdbcTemplate.execute(JdbcTemplate.java:633)
	... 41 more
</error>
    <system-err>Jul 13, 2017 4:18:22 PM org.springframework.context.support.ClassPathXmlApplicationContext prepareRefresh
INFO: Refreshing org.springframework.context.support.ClassPathXmlApplicationContext@7b7fdc8: startup date [Thu Jul 13 16:18:22 CDT 2017]; root of context hierarchy
Jul 13, 2017 4:18:22 PM org.springframework.beans.factory.xml.XmlBeanDefinitionReader loadBeanDefinitions
INFO: Loading XML bean definitions from class path resource [test-applicationContext.xml]
Jul 13, 2017 4:18:22 PM org.springframework.beans.factory.annotation.AutowiredAnnotationBeanPostProcessor &lt;init&gt;
INFO: JSR-330 &apos;javax.inject.Inject&apos; annotation found and supported for autowiring
</system-err>
  </testcase>
  <testcase classname="com.sg.superherodao.SuperDaoTest" name="UpdateSuper" time="0.295">
    <error message="PreparedStatementCallback; SQL [delete from SuperHero where SuperID = ?]; Cannot delete or update a parent row: a foreign key constraint fails (`SuperHero`.`SuperOrganization`, CONSTRAINT `fk_SuperOrganization_SuperHero` FOREIGN KEY (`SuperID`) REFERENCES `SuperHero` (`SuperID`) ON DELETE NO ACTION ON UPDATE NO ACTION); nested exception is com.mysql.jdbc.exceptions.jdbc4.MySQLIntegrityConstraintViolationException: Cannot delete or update a parent row: a foreign key constraint fails (`SuperHero`.`SuperOrganization`, CONSTRAINT `fk_SuperOrganization_SuperHero` FOREIGN KEY (`SuperID`) REFERENCES `SuperHero` (`SuperID`) ON DELETE NO ACTION ON UPDATE NO ACTION)" type="org.springframework.dao.DataIntegrityViolationException">org.springframework.dao.DataIntegrityViolationException: PreparedStatementCallback; SQL [delete from SuperHero where SuperID = ?]; Cannot delete or update a parent row: a foreign key constraint fails (`SuperHero`.`SuperOrganization`, CONSTRAINT `fk_SuperOrganization_SuperHero` FOREIGN KEY (`SuperID`) REFERENCES `SuperHero` (`SuperID`) ON DELETE NO ACTION ON UPDATE NO ACTION); nested exception is com.mysql.jdbc.exceptions.jdbc4.MySQLIntegrityConstraintViolationException: Cannot delete or update a parent row: a foreign key constraint fails (`SuperHero`.`SuperOrganization`, CONSTRAINT `fk_SuperOrganization_SuperHero` FOREIGN KEY (`SuperID`) REFERENCES `SuperHero` (`SuperID`) ON DELETE NO ACTION ON UPDATE NO ACTION)
	at org.springframework.jdbc.support.SQLErrorCodeSQLExceptionTranslator.doTranslate(SQLErrorCodeSQLExceptionTranslator.java:243)
	at org.springframework.jdbc.support.AbstractFallbackSQLExceptionTranslator.translate(AbstractFallbackSQLExceptionTranslator.java:73)
	at org.springframework.jdbc.core.JdbcTemplate.execute(JdbcTemplate.java:649)
	at org.springframework.jdbc.core.JdbcTemplate.update(JdbcTemplate.java:870)
	at org.springframework.jdbc.core.JdbcTemplate.update(JdbcTemplate.java:931)
	at org.springframework.jdbc.core.JdbcTemplate.update(JdbcTemplate.java:941)
	at com.sg.superherodao.SuperDaoImpl.deleteSuper(SuperDaoImpl.java:48)
	at sun.reflect.NativeMethodAccessorImpl.invoke0(Native Method)
	at sun.reflect.NativeMethodAccessorImpl.invoke(NativeMethodAccessorImpl.java:62)
	at sun.reflect.DelegatingMethodAccessorImpl.invoke(DelegatingMethodAccessorImpl.java:43)
	at java.lang.reflect.Method.invoke(Method.java:498)
	at org.springframework.aop.support.AopUtils.invokeJoinpointUsingReflection(AopUtils.java:333)
	at org.springframework.aop.framework.JdkDynamicAopProxy.invoke(JdkDynamicAopProxy.java:207)
	at com.sun.proxy.$Proxy11.deleteSuper(Unknown Source)
	at com.sg.superherodao.SuperDaoTest.setUp(SuperDaoTest.java:56)
	at sun.reflect.NativeMethodAccessorImpl.invoke0(Native Method)
	at sun.reflect.NativeMethodAccessorImpl.invoke(NativeMethodAccessorImpl.java:62)
	at sun.reflect.DelegatingMethodAccessorImpl.invoke(DelegatingMethodAccessorImpl.java:43)
	at java.lang.reflect.Method.invoke(Method.java:498)
	at org.junit.runners.model.FrameworkMethod$1.runReflectiveCall(FrameworkMethod.java:50)
	at org.junit.internal.runners.model.ReflectiveCallable.run(ReflectiveCallable.java:12)
	at org.junit.runners.model.FrameworkMethod.invokeExplosively(FrameworkMethod.java:47)
	at org.junit.internal.runners.statements.RunBefores.evaluate(RunBefores.java:24)
	at org.junit.runners.ParentRunner.runLeaf(ParentRunner.java:325)
	at org.junit.runners.BlockJUnit4ClassRunner.runChild(BlockJUnit4ClassRunner.java:78)
	at org.junit.runners.BlockJUnit4ClassRunner.runChild(BlockJUnit4ClassRunner.java:57)
	at org.junit.runners.ParentRunner$3.run(ParentRunner.java:290)
	at org.junit.runners.ParentRunner$1.schedule(ParentRunner.java:71)
	at org.junit.runners.ParentRunner.runChildren(ParentRunner.java:288)
	at org.junit.runners.ParentRunner.access$000(ParentRunner.java:58)
	at org.junit.runners.ParentRunner$2.evaluate(ParentRunner.java:268)
	at org.junit.runners.ParentRunner.run(ParentRunner.java:363)
	at org.apache.maven.surefire.junit4.JUnit4Provider.execute(JUnit4Provider.java:252)
	at org.apache.maven.surefire.junit4.JUnit4Provider.executeTestSet(JUnit4Provider.java:141)
	at org.apache.maven.surefire.junit4.JUnit4Provider.invoke(JUnit4Provider.java:112)
	at sun.reflect.NativeMethodAccessorImpl.invoke0(Native Method)
	at sun.reflect.NativeMethodAccessorImpl.invoke(NativeMethodAccessorImpl.java:62)
	at sun.reflect.DelegatingMethodAccessorImpl.invoke(DelegatingMethodAccessorImpl.java:43)
	at java.lang.reflect.Method.invoke(Method.java:498)
	at org.apache.maven.surefire.util.ReflectionUtils.invokeMethodWithArray(ReflectionUtils.java:189)
	at org.apache.maven.surefire.booter.ProviderFactory$ProviderProxy.invoke(ProviderFactory.java:165)
	at org.apache.maven.surefire.booter.ProviderFactory.invokeProvider(ProviderFactory.java:85)
	at org.apache.maven.surefire.booter.ForkedBooter.runSuitesInProcess(ForkedBooter.java:115)
	at org.apache.maven.surefire.booter.ForkedBooter.main(ForkedBooter.java:75)
Caused by: com.mysql.jdbc.exceptions.jdbc4.MySQLIntegrityConstraintViolationException: Cannot delete or update a parent row: a foreign key constraint fails (`SuperHero`.`SuperOrganization`, CONSTRAINT `fk_SuperOrganization_SuperHero` FOREIGN KEY (`SuperID`) REFERENCES `SuperHero` (`SuperID`) ON DELETE NO ACTION ON UPDATE NO ACTION)
	at sun.reflect.NativeConstructorAccessorImpl.newInstance0(Native Method)
	at sun.reflect.NativeConstructorAccessorImpl.newInstance(NativeConstructorAccessorImpl.java:62)
	at sun.reflect.DelegatingConstructorAccessorImpl.newInstance(DelegatingConstructorAccessorImpl.java:45)
	at java.lang.reflect.Constructor.newInstance(Constructor.java:423)
	at com.mysql.jdbc.Util.handleNewInstance(Util.java:400)
	at com.mysql.jdbc.Util.getInstance(Util.java:383)
	at com.mysql.jdbc.SQLError.createSQLException(SQLError.java:973)
	at com.mysql.jdbc.MysqlIO.checkErrorPacket(MysqlIO.java:3847)
	at com.mysql.jdbc.MysqlIO.checkErrorPacket(MysqlIO.java:3783)
	at com.mysql.jdbc.MysqlIO.sendCommand(MysqlIO.java:2447)
	at com.mysql.jdbc.MysqlIO.sqlQueryDirect(MysqlIO.java:2594)
	at com.mysql.jdbc.ConnectionImpl.execSQL(ConnectionImpl.java:2545)
	at com.mysql.jdbc.PreparedStatement.executeInternal(PreparedStatement.java:1901)
	at com.mysql.jdbc.PreparedStatement.executeUpdate(PreparedStatement.java:2113)
	at com.mysql.jdbc.PreparedStatement.executeUpdate(PreparedStatement.java:2049)
	at com.mysql.jdbc.PreparedStatement.executeUpdate(PreparedStatement.java:2034)
	at org.apache.commons.dbcp2.DelegatingPreparedStatement.executeUpdate(DelegatingPreparedStatement.java:98)
	at org.apache.commons.dbcp2.DelegatingPreparedStatement.executeUpdate(DelegatingPreparedStatement.java:98)
	at org.springframework.jdbc.core.JdbcTemplate$2.doInPreparedStatement(JdbcTemplate.java:877)
	at org.springframework.jdbc.core.JdbcTemplate$2.doInPreparedStatement(JdbcTemplate.java:870)
	at org.springframework.jdbc.core.JdbcTemplate.execute(JdbcTemplate.java:633)
	... 41 more
</error>
    <system-err>Jul 13, 2017 4:18:22 PM org.springframework.context.support.ClassPathXmlApplicationContext prepareRefresh
INFO: Refreshing org.springframework.context.support.ClassPathXmlApplicationContext@5117dd67: startup date [Thu Jul 13 16:18:22 CDT 2017]; root of context hierarchy
Jul 13, 2017 4:18:22 PM org.springframework.beans.factory.xml.XmlBeanDefinitionReader loadBeanDefinitions
INFO: Loading XML bean definitions from class path resource [test-applicationContext.xml]
Jul 13, 2017 4:18:22 PM org.springframework.beans.factory.annotation.AutowiredAnnotationBeanPostProcessor &lt;init&gt;
INFO: JSR-330 &apos;javax.inject.Inject&apos; annotation found and supported for autowiring
</system-err>
  </testcase>
</testsuite>